# JRE version: Java(TM) SE Runtime Environment (12.0.2+10) (build 12.0.2+10)
# Java VM: Java HotSpot(TM) 64-Bit Server VM (12.0.2+10, mixed mode, sharing, tiered, compressed oops, g1 gc, windows-amd64)
Heap:
 garbage-first heap   total 70656K, used 45922K [0x0000000080e00000, 0x0000000100000000)
  region size 1024K, 31 young (31744K), 3 survivors (3072K)
 Metaspace       used 39573K, capacity 40765K, committed 41116K, reserved 1085440K
  class space    used 5576K, capacity 6006K, committed 6124K, reserved 1048576K
GC Heap History (10 events):
Event: 2.380 GC heap after
{Heap after GC invocations=10 (full 0):
 garbage-first heap   total 58368K, used 14982K [0x0000000080e00000, 0x0000000100000000)
  region size 1024K, 2 young (2048K), 2 survivors (2048K)
 Metaspace       used 25503K, capacity 26646K, committed 26928K, reserved 1073152K
  class space    used 3492K, capacity 3910K, committed 3968K, reserved 1048576K
}
Event: 2.384 GC heap before
{Heap before GC invocations=10 (full 0):
 garbage-first heap   total 58368K, used 43654K [0x0000000080e00000, 0x0000000100000000)
  region size 1024K, 31 young (31744K), 2 survivors (2048K)
 Metaspace       used 25503K, capacity 26646K, committed 26928K, reserved 1073152K
  class space    used 3492K, capacity 3910K, committed 3968K, reserved 1048576K
}
Event: 2.386 GC heap after
{Heap after GC invocations=11 (full 0):
 garbage-first heap   total 58368K, used 15139K [0x0000000080e00000, 0x0000000100000000)
  region size 1024K, 2 young (2048K), 2 survivors (2048K)
 Metaspace       used 25503K, capacity 26646K, committed 26928K, reserved 1073152K
  class space    used 3492K, capacity 3910K, committed 3968K, reserved 1048576K
}
Event: 2.667 GC heap before
{Heap before GC invocations=11 (full 0):
 garbage-first heap   total 58368K, used 43811K [0x0000000080e00000, 0x0000000100000000)
  region size 1024K, 31 young (31744K), 2 survivors (2048K)
 Metaspace       used 29132K, capacity 30304K, committed 30384K, reserved 1075200K
  class space    used 3858K, capacity 4295K, committed 4352K, reserved 1048576K
}
Event: 2.670 GC heap after
{Heap after GC invocations=12 (full 0):
 garbage-first heap   total 58368K, used 15976K [0x0000000080e00000, 0x0000000100000000)
  region size 1024K, 3 young (3072K), 3 survivors (3072K)
 Metaspace       used 29132K, capacity 30304K, committed 30384K, reserved 1075200K
  class space    used 3858K, capacity 4295K, committed 4352K, reserved 1048576K
}
Event: 3.022 GC heap before
{Heap before GC invocations=12 (full 0):
 garbage-first heap   total 58368K, used 45672K [0x0000000080e00000, 0x0000000100000000)
  region size 1024K, 32 young (32768K), 3 survivors (3072K)
 Metaspace       used 34330K, capacity 35528K, committed 35632K, reserved 1079296K
  class space    used 4760K, capacity 5204K, committed 5248K, reserved 1048576K
}
Event: 3.025 GC heap after
{Heap after GC invocations=13 (full 0):
 garbage-first heap   total 70656K, used 17283K [0x0000000080e00000, 0x0000000100000000)
  region size 1024K, 3 young (3072K), 3 survivors (3072K)
 Metaspace       used 34330K, capacity 35528K, committed 35632K, reserved 1079296K
  class space    used 4760K, capacity 5204K, committed 5248K, reserved 1048576K
}
Event: 3.044 GC heap before
{Heap before GC invocations=13 (full 0):
 garbage-first heap   total 70656K, used 18307K [0x0000000080e00000, 0x0000000100000000)
  region size 1024K, 5 young (5120K), 3 survivors (3072K)
 Metaspace       used 34647K, capacity 35819K, committed 35888K, reserved 1079296K
  class space    used 4813K, capacity 5237K, committed 5248K, reserved 1048576K
}
Event: 3.047 GC heap after
{Heap after GC invocations=14 (full 0):
 garbage-first heap   total 70656K, used 17250K [0x0000000080e00000, 0x0000000100000000)
  region size 1024K, 3 young (3072K), 3 survivors (3072K)
 Metaspace       used 34647K, capacity 35819K, committed 35888K, reserved 1079296K
  class space    used 4813K, capacity 5237K, committed 5248K, reserved 1048576K
}
Event: 3.328 GC heap before
{Heap before GC invocations=15 (full 0):
 garbage-first heap   total 70656K, used 45922K [0x0000000080e00000, 0x0000000100000000)
  region size 1024K, 31 young (31744K), 3 survivors (3072K)
 Metaspace       used 39573K, capacity 40765K, committed 41116K, reserved 1085440K
  class space    used 5576K, capacity 6006K, committed 6124K, reserved 1048576K
}

